<?xml version="1.0" encoding="UTF-8"?>
<!-- Generated by org.testng.reporters.JUnitReportReporter -->
<testsuite skipped="0" hostname="GSRPO444" name="sureshacademy.AppiumTest" tests="2" failures="0" timestamp="2021-05-08T16:22:51 IST" time="0.001" errors="0">
  <testcase name="appiumTest2" time="0.001" classname="sureshacademy.AppiumTest"/>
  <system-out/>
  <testcase name="appiumTest" time="0.000" classname="sureshacademy.AppiumTest"/>
  <system-out/>
</testsuite> <!-- sureshacademy.AppiumTest -->
