<?xml version="1.0" encoding="UTF-8"?>
<!-- Generated by org.testng.reporters.JUnitReportReporter -->
<testsuite skipped="0" hostname="GSRPO444" name="sureshacademy.SeleniumTest" tests="1" failures="0" timestamp="2021-05-08T19:38:15 IST" time="0.000" errors="0">
  <testcase name="test1" time="0.000" classname="sureshacademy.SeleniumTest"/>
  <system-out/>
</testsuite> <!-- sureshacademy.SeleniumTest -->
